<?xml version="1.0" encoding="UTF-8"?>
<testsuite xmlns:xsi="http://www.w3.org/2001/XMLSchema-instance" xsi:noNamespaceSchemaLocation="https://maven.apache.org/surefire/maven-surefire-plugin/xsd/surefire-test-report-3.0.xsd" version="3.0" name="com.marrilyn.orderservice.OrderServiceApplicationTests" time="19.39" tests="1" errors="0" skipped="0" failures="0">
  <properties>
[...]
</properties>
  <testcase name="contextLoads" classname="com.marrilyn.orderservice.OrderServiceApplicationTests" time="0.959">
    <system-out><![CDATA[20:49:43.749 [main] INFO org.springframework.test.context.support.AnnotationConfigContextLoaderUtils -- Could not detect default configuration classes for test class [com.marrilyn.orderservice.OrderServiceApplicationTests]: OrderServiceApplicationTests does not declare any static, non-private, non-final, nested classes annotated with @Configuration.
20:49:43.917 [main] INFO org.springframework.boot.test.context.SpringBootTestContextBootstrapper -- Found @SpringBootConfiguration com.marrilyn.orderservice.OrderServiceApplication for test class com.marrilyn.orderservice.OrderServiceApplicationTests

  .   ____          _            __ _ _
 /\\ / ___'_ __ _ _(_)_ __  __ _ \ \ \ \
( ( )\___ | '_ | '_| | '_ \/ _` | \ \ \ \
 \\/  ___)| |_)| | | | | || (_| |  ) ) ) )
  '  |____| .__|_| |_|_| |_\__, | / / / /
 =========|_|==============|___/=/_/_/_/
 :: Spring Boot ::                (v3.1.5)

2023-11-20T20:49:44.764+01:00  INFO 6585 --- [           main] c.m.o.OrderServiceApplicationTests       : Starting OrderServiceApplicationTests using Java 20.0.1 with PID 6585 (started by deca in /Users/deca/Downloads/microservices-new/order_service)
2023-11-20T20:49:44.768+01:00  INFO 6585 --- [           main] c.m.o.OrderServiceApplicationTests       : No active profile set, falling back to 1 default profile: "default"
2023-11-20T20:49:47.370+01:00  INFO 6585 --- [           main] .s.d.r.c.RepositoryConfigurationDelegate : Bootstrapping Spring Data JPA repositories in DEFAULT mode.
2023-11-20T20:49:47.719+01:00  INFO 6585 --- [           main] .s.d.r.c.RepositoryConfigurationDelegate : Finished Spring Data repository scanning in 329 ms. Found 1 JPA repository interfaces.
2023-11-20T20:49:48.553+01:00  INFO 6585 --- [           main] o.s.cloud.context.scope.GenericScope     : BeanFactory id=01b1ea02-2429-3deb-85a6-57dcac199b7d
2023-11-20T20:49:49.464+01:00  INFO 6585 --- [           main] trationDelegate$BeanPostProcessorChecker : Bean 'org.springframework.cloud.client.loadbalancer.reactive.LoadBalancerBeanPostProcessorAutoConfiguration' of type [org.springframework.cloud.client.loadbalancer.reactive.LoadBalancerBeanPostProcessorAutoConfiguration] is not eligible for getting processed by all BeanPostProcessors (for example: not eligible for auto-proxying)
2023-11-20T20:49:49.472+01:00  INFO 6585 --- [           main] trationDelegate$BeanPostProcessorChecker : Bean 'org.springframework.cloud.client.loadbalancer.reactive.LoadBalancerBeanPostProcessorAutoConfiguration$ReactorDeferringLoadBalancerFilterConfig' of type [org.springframework.cloud.client.loadbalancer.reactive.LoadBalancerBeanPostProcessorAutoConfiguration$ReactorDeferringLoadBalancerFilterConfig] is not eligible for getting processed by all BeanPostProcessors (for example: not eligible for auto-proxying)
2023-11-20T20:49:49.480+01:00  INFO 6585 --- [           main] trationDelegate$BeanPostProcessorChecker : Bean 'reactorDeferringLoadBalancerExchangeFilterFunction' of type [org.springframework.cloud.client.loadbalancer.reactive.DeferringLoadBalancerExchangeFilterFunction] is not eligible for getting processed by all BeanPostProcessors (for example: not eligible for auto-proxying)
2023-11-20T20:49:49.743+01:00  INFO 6585 --- [           main] com.zaxxer.hikari.HikariDataSource       : HikariPool-1 - Starting...
2023-11-20T20:49:50.493+01:00  INFO 6585 --- [           main] com.zaxxer.hikari.pool.HikariPool        : HikariPool-1 - Added connection org.postgresql.jdbc.PgConnection@74fc3fc7
2023-11-20T20:49:50.496+01:00  INFO 6585 --- [           main] com.zaxxer.hikari.HikariDataSource       : HikariPool-1 - Start completed.
2023-11-20T20:49:50.892+01:00  INFO 6585 --- [           main] o.hibernate.jpa.internal.util.LogHelper  : HHH000204: Processing PersistenceUnitInfo [name: default]
2023-11-20T20:49:51.037+01:00  INFO 6585 --- [           main] org.hibernate.Version                    : HHH000412: Hibernate ORM core version 6.2.13.Final
2023-11-20T20:49:51.042+01:00  INFO 6585 --- [           main] org.hibernate.cfg.Environment            : HHH000406: Using bytecode reflection optimizer
2023-11-20T20:49:51.602+01:00  INFO 6585 --- [           main] o.s.o.j.p.SpringPersistenceUnitInfo      : No LoadTimeWeaver setup: ignoring JPA class transformer
2023-11-20T20:49:51.765+01:00  WARN 6585 --- [           main] org.hibernate.orm.deprecation            : HHH90000025: PostgreSQLDialect does not need to be specified explicitly using 'hibernate.dialect' (remove the property setting and it will be selected by default)
2023-11-20T20:49:53.553+01:00  INFO 6585 --- [           main] o.h.e.t.j.p.i.JtaPlatformInitiator       : HHH000489: No JTA platform available (set 'hibernate.transaction.jta.platform' to enable JTA platform integration)
2023-11-20T20:49:53.963+01:00  WARN 6585 --- [           main] o.h.engine.jdbc.spi.SqlExceptionHelper   : SQL Warning Code: 0, SQLState: 00000
2023-11-20T20:49:53.963+01:00  WARN 6585 --- [           main] o.h.engine.jdbc.spi.SqlExceptionHelper   : constraint "uk_glr5ey0y269dnfivtrllrxgyb" of relation "t_order_order_line_items_list" does not exist, skipping
2023-11-20T20:49:53.978+01:00  INFO 6585 --- [           main] j.LocalContainerEntityManagerFactoryBean : Initialized JPA EntityManagerFactory for persistence unit 'default'
2023-11-20T20:49:57.332+01:00  WARN 6585 --- [           main] JpaBaseConfiguration$JpaWebConfiguration : spring.jpa.open-in-view is enabled by default. Therefore, database queries may be performed during view rendering. Explicitly configure spring.jpa.open-in-view to disable this warning
2023-11-20T20:50:01.142+01:00  INFO 6585 --- [           main] DiscoveryClientOptionalArgsConfiguration : Eureka HTTP Client uses RestTemplate.
2023-11-20T20:50:01.452+01:00  WARN 6585 --- [           main] iguration$LoadBalancerCaffeineWarnLogger : Spring Cloud LoadBalancer is currently working with the default cache. While this cache implementation is useful for development and tests, it's recommended to use Caffeine cache in production.You can switch to using Caffeine cache, by adding it and org.springframework.cache.caffeine.CaffeineCacheManager to the classpath.
2023-11-20T20:50:01.486+01:00  INFO 6585 --- [           main] o.s.b.a.e.web.EndpointLinksResolver      : Exposing 24 endpoint(s) beneath base path '/actuator'
2023-11-20T20:50:01.675+01:00  INFO 6585 --- [           main] c.m.o.OrderServiceApplicationTests       : Started OrderServiceApplicationTests in 17.498 seconds (process running for 19.439)
]]></system-out>
  </testcase>
</testsuite>