<?xml version="1.0" encoding="UTF-8"?>
<testsuite xmlns:xsi="http://www.w3.org/2001/XMLSchema-instance" xsi:noNamespaceSchemaLocation="https://maven.apache.org/surefire/maven-surefire-plugin/xsd/surefire-test-report-3.0.xsd" version="3.0" name="com.marrilyn.productservice.ProductServiceApplicationTests" time="17.988" tests="1" errors="0" skipped="0" failures="0">
  <properties>
[...]
</properties>
  <testcase name="shouldCreateProduct" classname="com.marrilyn.productservice.ProductServiceApplicationTests" time="1.965">
    <system-out><![CDATA[20:49:18.786 [main] INFO org.springframework.test.context.support.AnnotationConfigContextLoaderUtils -- Could not detect default configuration classes for test class [com.marrilyn.productservice.ProductServiceApplicationTests]: ProductServiceApplicationTests does not declare any static, non-private, non-final, nested classes annotated with @Configuration.
20:49:19.010 [main] INFO org.springframework.boot.test.context.SpringBootTestContextBootstrapper -- Found @SpringBootConfiguration com.marrilyn.productservice.ProductServiceApplication for test class com.marrilyn.productservice.ProductServiceApplicationTests
20:49:19.308 [main] INFO org.testcontainers.images.PullPolicy -- Image pull policy will be performed by: DefaultPullPolicy()
20:49:19.316 [main] INFO org.testcontainers.utility.ImageNameSubstitutor -- Image name substitution will be performed by: DefaultImageNameSubstitutor (composite of 'ConfigurationFileImageNameSubstitutor' and 'PrefixingImageNameSubstitutor')
20:49:19.820 [main] INFO org.testcontainers.dockerclient.DockerClientProviderStrategy -- Loaded org.testcontainers.dockerclient.UnixSocketClientProviderStrategy from ~/.testcontainers.properties, will try it first
20:49:20.356 [main] INFO org.testcontainers.dockerclient.DockerClientProviderStrategy -- Found Docker environment with local Unix socket (unix:///var/run/docker.sock)
20:49:20.359 [main] INFO org.testcontainers.DockerClientFactory -- Docker host IP address is localhost
20:49:20.425 [main] INFO org.testcontainers.DockerClientFactory -- Connected to docker: 
  Server Version: 20.10.8
  API Version: 1.41
  Operating System: Docker Desktop
  Total Memory: 1986 MB
20:49:20.654 [main] INFO tc.testcontainers/ryuk:0.5.1 -- Creating container for image: testcontainers/ryuk:0.5.1
20:49:21.274 [main] INFO tc.testcontainers/ryuk:0.5.1 -- Container testcontainers/ryuk:0.5.1 is starting: 83ee5ac8e4c99c577ed1e04a4edf6f7b95ced2f3c324c8abb19ca23443408380
20:49:22.501 [main] INFO tc.testcontainers/ryuk:0.5.1 -- Container testcontainers/ryuk:0.5.1 started in PT1.846635S
20:49:22.596 [main] INFO org.testcontainers.utility.RyukResourceReaper -- Ryuk started - will monitor and terminate Testcontainers containers on JVM exit
20:49:22.596 [main] INFO org.testcontainers.DockerClientFactory -- Checking the system...
20:49:22.597 [main] INFO org.testcontainers.DockerClientFactory -- ✔︎ Docker server version should be at least 1.6.0
20:49:22.598 [main] INFO tc.mongo:4.4.2 -- Creating container for image: mongo:4.4.2
20:49:22.775 [main] INFO tc.mongo:4.4.2 -- Container mongo:4.4.2 is starting: 4a63da6c9a7c98790ab14a75c37ef90c454781b317d605a3b39102ba8bb6724c
20:49:25.241 [main] INFO tc.mongo:4.4.2 -- Container mongo:4.4.2 started in PT2.643615S

  .   ____          _            __ _ _
 /\\ / ___'_ __ _ _(_)_ __  __ _ \ \ \ \
( ( )\___ | '_ | '_| | '_ \/ _` | \ \ \ \
 \\/  ___)| |_)| | | | | || (_| |  ) ) ) )
  '  |____| .__|_| |_|_| |_\__, | / / / /
 =========|_|==============|___/=/_/_/_/
 :: Spring Boot ::                (v3.1.5)

2023-11-20T20:49:28.325+01:00  INFO 6564 --- [           main] c.m.p.ProductServiceApplicationTests     : Starting ProductServiceApplicationTests using Java 20.0.1 with PID 6564 (started by deca in /Users/deca/Downloads/microservices-new/product-service)
2023-11-20T20:49:28.332+01:00  INFO 6564 --- [           main] c.m.p.ProductServiceApplicationTests     : No active profile set, falling back to 1 default profile: "default"
2023-11-20T20:49:30.332+01:00  INFO 6564 --- [           main] .s.d.r.c.RepositoryConfigurationDelegate : Bootstrapping Spring Data MongoDB repositories in DEFAULT mode.
2023-11-20T20:49:30.642+01:00  INFO 6564 --- [           main] .s.d.r.c.RepositoryConfigurationDelegate : Finished Spring Data repository scanning in 301 ms. Found 1 MongoDB repository interfaces.
2023-11-20T20:49:31.026+01:00  INFO 6564 --- [           main] o.s.cloud.context.scope.GenericScope     : BeanFactory id=19678f6e-e048-3224-bd7a-0aedadc119b2
2023-11-20T20:49:31.630+01:00  INFO 6564 --- [           main] org.mongodb.driver.client                : MongoClient with metadata {"driver": {"name": "mongo-java-driver|sync|spring-boot", "version": "4.9.1"}, "os": {"type": "Darwin", "name": "Mac OS X", "architecture": "x86_64", "version": "12.6.2"}, "platform": "Java/Homebrew/20.0.1"} created with settings MongoClientSettings{readPreference=primary, writeConcern=WriteConcern{w=null, wTimeout=null ms, journal=null}, retryWrites=true, retryReads=true, readConcern=ReadConcern{level=null}, credential=null, streamFactoryFactory=null, commandListeners=[io.micrometer.core.instrument.binder.mongodb.MongoMetricsCommandListener@4ac19bc6], codecRegistry=ProvidersCodecRegistry{codecProviders=[ValueCodecProvider{}, BsonValueCodecProvider{}, DBRefCodecProvider{}, DBObjectCodecProvider{}, DocumentCodecProvider{}, CollectionCodecProvider{}, IterableCodecProvider{}, MapCodecProvider{}, GeoJsonCodecProvider{}, GridFSFileCodecProvider{}, Jsr310CodecProvider{}, JsonObjectCodecProvider{}, BsonCodecProvider{}, EnumCodecProvider{}, com.mongodb.client.model.mql.ExpressionCodecProvider@2a075e70, com.mongodb.Jep395RecordCodecProvider@492c9892]}, loggerSettings=LoggerSettings{maxDocumentLength=1000}, clusterSettings={hosts=[localhost:51054], srvServiceName=mongodb, mode=SINGLE, requiredClusterType=UNKNOWN, requiredReplicaSetName='null', serverSelector='null', clusterListeners='[]', serverSelectionTimeout='30000 ms', localThreshold='30000 ms'}, socketSettings=SocketSettings{connectTimeoutMS=10000, readTimeoutMS=0, receiveBufferSize=0, sendBufferSize=0}, heartbeatSocketSettings=SocketSettings{connectTimeoutMS=10000, readTimeoutMS=10000, receiveBufferSize=0, sendBufferSize=0}, connectionPoolSettings=ConnectionPoolSettings{maxSize=100, minSize=0, maxWaitTimeMS=120000, maxConnectionLifeTimeMS=0, maxConnectionIdleTimeMS=0, maintenanceInitialDelayMS=0, maintenanceFrequencyMS=60000, connectionPoolListeners=[io.micrometer.core.instrument.binder.mongodb.MongoMetricsConnectionPoolListener@533e2f4], maxConnecting=2}, serverSettings=ServerSettings{heartbeatFrequencyMS=10000, minHeartbeatFrequencyMS=500, serverListeners='[]', serverMonitorListeners='[]'}, sslSettings=SslSettings{enabled=false, invalidHostNameAllowed=false, context=null}, applicationName='null', compressorList=[], uuidRepresentation=JAVA_LEGACY, serverApi=null, autoEncryptionSettings=null, contextProvider=null}
2023-11-20T20:49:31.672+01:00  INFO 6564 --- [localhost:51054] org.mongodb.driver.cluster               : Monitor thread successfully connected to server with description ServerDescription{address=localhost:51054, type=REPLICA_SET_PRIMARY, state=CONNECTED, ok=true, minWireVersion=0, maxWireVersion=9, maxDocumentSize=16777216, logicalSessionTimeoutMinutes=30, roundTripTimeNanos=49137802, setName='docker-rs', canonicalAddress=4a63da6c9a7c:27017, hosts=[4a63da6c9a7c:27017], passives=[], arbiters=[], primary='4a63da6c9a7c:27017', tagSet=TagSet{[]}, electionId=7fffffff0000000000000001, setVersion=1, topologyVersion=TopologyVersion{processId=655bb844518a10e34a0cd218, counter=6}, lastWriteDate=Mon Nov 20 20:49:26 WAT 2023, lastUpdateTimeNanos=26139172038057}
2023-11-20T20:49:33.390+01:00  INFO 6564 --- [           main] o.s.b.t.m.w.SpringBootMockServletContext : Initializing Spring TestDispatcherServlet ''
2023-11-20T20:49:33.390+01:00  INFO 6564 --- [           main] o.s.t.web.servlet.TestDispatcherServlet  : Initializing Servlet ''
2023-11-20T20:49:33.411+01:00  INFO 6564 --- [           main] o.s.b.a.e.web.EndpointLinksResolver      : Exposing 1 endpoint(s) beneath base path '/actuator'
2023-11-20T20:49:33.425+01:00  INFO 6564 --- [           main] o.s.t.web.servlet.TestDispatcherServlet  : Completed initialization in 33 ms
2023-11-20T20:49:33.473+01:00  INFO 6564 --- [           main] DiscoveryClientOptionalArgsConfiguration : Eureka HTTP Client uses RestTemplate.
2023-11-20T20:49:33.595+01:00  WARN 6564 --- [           main] iguration$LoadBalancerCaffeineWarnLogger : Spring Cloud LoadBalancer is currently working with the default cache. While this cache implementation is useful for development and tests, it's recommended to use Caffeine cache in production.You can switch to using Caffeine cache, by adding it and org.springframework.cache.caffeine.CaffeineCacheManager to the classpath.
2023-11-20T20:49:33.713+01:00  INFO 6564 --- [           main] c.m.p.ProductServiceApplicationTests     : Started ProductServiceApplicationTests in 7.127 seconds (process running for 16.561)
2023-11-20T20:49:35.791+01:00  INFO 6564 --- [           main] c.m.p.service.ProductService             : Product 655bb84ffe6f4f0f42fab07b is saved
]]></system-out>
  </testcase>
</testsuite>